This file contains any messages produced by compilers while
running configure, to aid debugging if configure makes a mistake.

It was created by configure, which was
generated by GNU Autoconf 2.69.  Invocation command line was

  $ ./configure --enable-ztime

## --------- ##
## Platform. ##
## --------- ##

hostname = ubuntu-xenial
uname -m = x86_64
uname -r = 4.15.0-117-generic
uname -s = Linux
uname -v = #118-Ubuntu SMP Fri Sep 4 20:02:41 UTC 2020

/usr/bin/uname -p = unknown
/bin/uname -X     = unknown

/bin/arch              = unknown
/usr/bin/arch -k       = unknown
/usr/convex/getsysinfo = unknown
/usr/bin/hostinfo      = unknown
/bin/machine           = unknown
/usr/bin/oslevel       = unknown
/bin/universe          = unknown

PATH: /usr/local/php/bin
PATH: /usr/local/nginx/sbin
PATH: /usr/local/mysql/bin
PATH: /usr/local/sbin
PATH: /usr/local/bin
PATH: /usr/sbin
PATH: /usr/bin
PATH: /sbin
PATH: /bin
PATH: /usr/games
PATH: /usr/local/games
PATH: /snap/bin
PATH: /usr/bin
PATH: /usr/local/php/bin


## ----------- ##
## Core tests. ##
## ----------- ##

configure:2352: checking for grep that handles long lines and -e
configure:2410: result: /bin/grep
configure:2415: checking for egrep
configure:2477: result: /bin/grep -E
configure:2482: checking for a sed that does not truncate output
configure:2536: result: /bin/sed
configure:2731: checking for C compiler version
configure:2740: gcc --version >&5
gcc (Ubuntu 7.5.0-3ubuntu1~18.04) 7.5.0
Copyright (C) 2017 Free Software Foundation, Inc.
This is free software; see the source for copying conditions.  There is NO
warranty; not even for MERCHANTABILITY or FITNESS FOR A PARTICULAR PURPOSE.

configure:2751: $? = 0
configure:2740: gcc -v >&5
Using built-in specs.
COLLECT_GCC=gcc
COLLECT_LTO_WRAPPER=/usr/lib/gcc/x86_64-linux-gnu/7/lto-wrapper
OFFLOAD_TARGET_NAMES=nvptx-none
OFFLOAD_TARGET_DEFAULT=1
Target: x86_64-linux-gnu
Configured with: ../src/configure -v --with-pkgversion='Ubuntu 7.5.0-3ubuntu1~18.04' --with-bugurl=file:///usr/share/doc/gcc-7/README.Bugs --enable-languages=c,ada,c++,go,brig,d,fortran,objc,obj-c++ --prefix=/usr --with-gcc-major-version-only --program-suffix=-7 --program-prefix=x86_64-linux-gnu- --enable-shared --enable-linker-build-id --libexecdir=/usr/lib --without-included-gettext --enable-threads=posix --libdir=/usr/lib --enable-nls --enable-bootstrap --enable-clocale=gnu --enable-libstdcxx-debug --enable-libstdcxx-time=yes --with-default-libstdcxx-abi=new --enable-gnu-unique-object --disable-vtable-verify --enable-libmpx --enable-plugin --enable-default-pie --with-system-zlib --with-target-system-zlib --enable-objc-gc=auto --enable-multiarch --disable-werror --with-arch-32=i686 --with-abi=m64 --with-multilib-list=m32,m64,mx32 --enable-multilib --with-tune=generic --enable-offload-targets=nvptx-none --without-cuda-driver --enable-checking=release --build=x86_64-linux-gnu --host=x86_64-linux-gnu --target=x86_64-linux-gnu
Thread model: posix
gcc version 7.5.0 (Ubuntu 7.5.0-3ubuntu1~18.04) 
configure:2751: $? = 0
configure:2740: gcc -V >&5
gcc: error: unrecognized command line option '-V'
gcc: fatal error: no input files
compilation terminated.
configure:2751: $? = 1
configure:2740: gcc -qversion >&5
gcc: error: unrecognized command line option '-qversion'; did you mean '--version'?
gcc: fatal error: no input files
compilation terminated.
configure:2751: $? = 1
configure:2771: checking whether the C compiler works
configure:2793: gcc -O2 -fvisibility=hidden -Wparentheses -flto -DZEPHIR_RELEASE=1   conftest.c  >&5
configure:2797: $? = 0
configure:2845: result: yes
configure:2848: checking for C compiler default output file name
configure:2850: result: a.out
configure:2856: checking for suffix of executables
configure:2863: gcc -o conftest -O2 -fvisibility=hidden -Wparentheses -flto -DZEPHIR_RELEASE=1   conftest.c  >&5
configure:2867: $? = 0
configure:2889: result: 
configure:2911: checking whether we are cross compiling
configure:2919: gcc -o conftest -O2 -fvisibility=hidden -Wparentheses -flto -DZEPHIR_RELEASE=1   conftest.c  >&5
configure:2923: $? = 0
configure:2930: ./conftest
configure:2934: $? = 0
configure:2949: result: no
configure:2954: checking for suffix of object files
configure:2976: gcc -c -O2 -fvisibility=hidden -Wparentheses -flto -DZEPHIR_RELEASE=1  conftest.c >&5
configure:2980: $? = 0
configure:3001: result: o
configure:3005: checking whether we are using the GNU C compiler
configure:3024: gcc -c -O2 -fvisibility=hidden -Wparentheses -flto -DZEPHIR_RELEASE=1  conftest.c >&5
configure:3024: $? = 0
configure:3033: result: yes
configure:3042: checking whether gcc accepts -g
configure:3062: gcc -c -g  conftest.c >&5
configure:3062: $? = 0
configure:3103: result: yes
configure:3120: checking for gcc option to accept ISO C89
configure:3183: gcc  -c -O2 -fvisibility=hidden -Wparentheses -flto -DZEPHIR_RELEASE=1  conftest.c >&5
configure:3183: $? = 0
configure:3196: result: none needed
configure:3222: checking how to run the C preprocessor
configure:3253: gcc -E  conftest.c
configure:3253: $? = 0
configure:3267: gcc -E  conftest.c
conftest.c:9:10: fatal error: ac_nonexistent.h: No such file or directory
 #include <ac_nonexistent.h>
          ^~~~~~~~~~~~~~~~~~
compilation terminated.
configure:3267: $? = 1
configure: failed program was:
| /* confdefs.h */
| #define PACKAGE_NAME ""
| #define PACKAGE_TARNAME ""
| #define PACKAGE_VERSION ""
| #define PACKAGE_STRING ""
| #define PACKAGE_BUGREPORT ""
| #define PACKAGE_URL ""
| /* end confdefs.h.  */
| #include <ac_nonexistent.h>
configure:3292: result: gcc -E
configure:3312: gcc -E  conftest.c
configure:3312: $? = 0
configure:3326: gcc -E  conftest.c
conftest.c:9:10: fatal error: ac_nonexistent.h: No such file or directory
 #include <ac_nonexistent.h>
          ^~~~~~~~~~~~~~~~~~
compilation terminated.
configure:3326: $? = 1
configure: failed program was:
| /* confdefs.h */
| #define PACKAGE_NAME ""
| #define PACKAGE_TARNAME ""
| #define PACKAGE_VERSION ""
| #define PACKAGE_STRING ""
| #define PACKAGE_BUGREPORT ""
| #define PACKAGE_URL ""
| /* end confdefs.h.  */
| #include <ac_nonexistent.h>
configure:3357: checking for icc
configure:3366: result: no
configure:3380: checking for suncc
configure:3389: result: no
configure:3404: checking whether gcc and cc understand -c and -o together
configure:3435: gcc -c conftest.c -o conftest2.o >&5
configure:3439: $? = 0
configure:3445: gcc -c conftest.c -o conftest2.o >&5
configure:3449: $? = 0
configure:3460: cc -c conftest.c >&5
configure:3464: $? = 0
configure:3472: cc -c conftest.c -o conftest2.o >&5
configure:3476: $? = 0
configure:3482: cc -c conftest.c -o conftest2.o >&5
configure:3486: $? = 0
configure:3504: result: yes
configure:3518: checking for system library directory
configure:3533: result: lib
configure:3540: checking if compiler supports -R
configure:3559: gcc -o conftest -O2 -fvisibility=hidden -Wparentheses -flto -DZEPHIR_RELEASE=1   conftest.c -R /usr/lib  >&5
gcc: error: unrecognized command line option '-R'
configure:3559: $? = 1
configure: failed program was:
| /* confdefs.h */
| #define PACKAGE_NAME ""
| #define PACKAGE_TARNAME ""
| #define PACKAGE_VERSION ""
| #define PACKAGE_STRING ""
| #define PACKAGE_BUGREPORT ""
| #define PACKAGE_URL ""
| /* end confdefs.h.  */
| 
| int
| main ()
| {
| 
|   ;
|   return 0;
| }
configure:3569: result: no
configure:3574: checking if compiler supports -Wl,-rpath,
configure:3593: gcc -o conftest -O2 -fvisibility=hidden -Wparentheses -flto -DZEPHIR_RELEASE=1   conftest.c -Wl,-rpath,/usr/lib  >&5
configure:3593: $? = 0
configure:3603: result: yes
configure:3648: checking build system type
configure:3662: result: x86_64-unknown-linux-gnu
configure:3682: checking host system type
configure:3695: result: x86_64-unknown-linux-gnu
configure:3715: checking target system type
configure:3728: result: x86_64-unknown-linux-gnu
configure:3831: checking for PHP prefix
configure:3833: result: /usr/local/php
configure:3835: checking for PHP includes
configure:3837: result: -I/usr/local/php/include/php -I/usr/local/php/include/php/main -I/usr/local/php/include/php/TSRM -I/usr/local/php/include/php/Zend -I/usr/local/php/include/php/ext -I/usr/local/php/include/php/ext/date/lib
configure:3839: checking for PHP extension directory
configure:3841: result: /usr/local/php/lib/php/extensions/no-debug-non-zts-20170718
configure:3843: checking for PHP installed headers prefix
configure:3845: result: /usr/local/php/include/php
configure:3848: checking if debug is enabled
configure:3874: result: no
configure:3877: checking if zts is enabled
configure:3903: result: no
configure:3974: checking for re2c
configure:3990: found /usr/local/bin/re2c
configure:4001: result: re2c
configure:4010: checking for re2c version
configure:4024: result: 2.0.3 (ok)
configure:4043: checking for gawk
configure:4060: found /usr/bin/gawk
configure:4071: result: gawk
configure:4114: checking whether to enable ztime
configure:4153: result: yes, shared
configure:4521: checking whether HAVE_BUNDLED_PCRE is declared
configure:4521: gcc -c -O2 -fvisibility=hidden -Wparentheses -flto -DZEPHIR_RELEASE=1  -I/usr/local/php/include/php -I/usr/local/php/include/php/main -I/usr/local/php/include/php/TSRM -I/usr/local/php/include/php/Zend -I/usr/local/php/include/php/ext -I/usr/local/php/include/php/ext/date/lib conftest.c >&5
configure:4521: $? = 0
configure:4521: result: yes
configure:4528: checking for ext/pcre/php_pcre.h
configure:4528: gcc -c -O2 -fvisibility=hidden -Wparentheses -flto -DZEPHIR_RELEASE=1  -I/usr/local/php/include/php -I/usr/local/php/include/php/main -I/usr/local/php/include/php/TSRM -I/usr/local/php/include/php/Zend -I/usr/local/php/include/php/ext -I/usr/local/php/include/php/ext/date/lib conftest.c >&5
configure:4528: $? = 0
configure:4528: result: yes
configure:4567: checking whether HAVE_JSON is declared
configure:4567: gcc -c -O2 -fvisibility=hidden -Wparentheses -flto -DZEPHIR_RELEASE=1  -I/usr/local/php/include/php -I/usr/local/php/include/php/main -I/usr/local/php/include/php/TSRM -I/usr/local/php/include/php/Zend -I/usr/local/php/include/php/ext -I/usr/local/php/include/php/ext/date/lib conftest.c >&5
configure:4567: $? = 0
configure:4567: result: yes
configure:4574: checking for ext/json/php_json.h
configure:4574: gcc -c -O2 -fvisibility=hidden -Wparentheses -flto -DZEPHIR_RELEASE=1  -I/usr/local/php/include/php -I/usr/local/php/include/php/main -I/usr/local/php/include/php/TSRM -I/usr/local/php/include/php/Zend -I/usr/local/php/include/php/ext -I/usr/local/php/include/php/ext/date/lib conftest.c >&5
configure:4574: $? = 0
configure:4574: result: yes
configure:4731: checking for ld used by gcc
configure:4798: result: /usr/bin/ld
configure:4805: checking if the linker (/usr/bin/ld) is GNU ld
configure:4820: result: yes
configure:4825: checking for /usr/bin/ld option to reload object files
configure:4832: result: -r
configure:4850: checking for BSD-compatible nm
configure:4899: result: /usr/bin/nm -B
configure:4903: checking whether ln -s works
configure:4907: result: yes
configure:4914: checking how to recognize dependent libraries
configure:5100: result: pass_all
configure:5185: gcc -c -O2 -fvisibility=hidden -Wparentheses -flto -DZEPHIR_RELEASE=1  conftest.c >&5
configure:5188: $? = 0
configure:5318: checking for ANSI C header files
configure:5338: gcc -c -O2 -fvisibility=hidden -Wparentheses -flto -DZEPHIR_RELEASE=1  conftest.c >&5
configure:5338: $? = 0
configure:5411: gcc -o conftest -O2 -fvisibility=hidden -Wparentheses -flto -DZEPHIR_RELEASE=1   conftest.c  >&5
configure:5411: $? = 0
configure:5411: ./conftest
configure:5411: $? = 0
configure:5422: result: yes
configure:5435: checking for sys/types.h
configure:5435: gcc -c -O2 -fvisibility=hidden -Wparentheses -flto -DZEPHIR_RELEASE=1  conftest.c >&5
configure:5435: $? = 0
configure:5435: result: yes
configure:5435: checking for sys/stat.h
configure:5435: gcc -c -O2 -fvisibility=hidden -Wparentheses -flto -DZEPHIR_RELEASE=1  conftest.c >&5
configure:5435: $? = 0
configure:5435: result: yes
configure:5435: checking for stdlib.h
configure:5435: gcc -c -O2 -fvisibility=hidden -Wparentheses -flto -DZEPHIR_RELEASE=1  conftest.c >&5
configure:5435: $? = 0
configure:5435: result: yes
configure:5435: checking for string.h
configure:5435: gcc -c -O2 -fvisibility=hidden -Wparentheses -flto -DZEPHIR_RELEASE=1  conftest.c >&5
configure:5435: $? = 0
configure:5435: result: yes
configure:5435: checking for memory.h
configure:5435: gcc -c -O2 -fvisibility=hidden -Wparentheses -flto -DZEPHIR_RELEASE=1  conftest.c >&5
configure:5435: $? = 0
configure:5435: result: yes
configure:5435: checking for strings.h
configure:5435: gcc -c -O2 -fvisibility=hidden -Wparentheses -flto -DZEPHIR_RELEASE=1  conftest.c >&5
configure:5435: $? = 0
configure:5435: result: yes
configure:5435: checking for inttypes.h
configure:5435: gcc -c -O2 -fvisibility=hidden -Wparentheses -flto -DZEPHIR_RELEASE=1  conftest.c >&5
configure:5435: $? = 0
configure:5435: result: yes
configure:5435: checking for stdint.h
configure:5435: gcc -c -O2 -fvisibility=hidden -Wparentheses -flto -DZEPHIR_RELEASE=1  conftest.c >&5
configure:5435: $? = 0
configure:5435: result: yes
configure:5435: checking for unistd.h
configure:5435: gcc -c -O2 -fvisibility=hidden -Wparentheses -flto -DZEPHIR_RELEASE=1  conftest.c >&5
configure:5435: $? = 0
configure:5435: result: yes
configure:5449: checking dlfcn.h usability
configure:5449: gcc -c -O2 -fvisibility=hidden -Wparentheses -flto -DZEPHIR_RELEASE=1  conftest.c >&5
configure:5449: $? = 0
configure:5449: result: yes
configure:5449: checking dlfcn.h presence
configure:5449: gcc -E  conftest.c
configure:5449: $? = 0
configure:5449: result: yes
configure:5449: checking for dlfcn.h
configure:5449: result: yes
configure:5471: checking the maximum length of command line arguments
configure:5583: result: 1572864
configure:5595: checking command to parse /usr/bin/nm -B output from gcc object
configure:5700: gcc -c -O2 -fvisibility=hidden -Wparentheses -flto -DZEPHIR_RELEASE=1  conftest.c >&5
configure:5703: $? = 0
configure:5707: /usr/bin/nm -B conftest.o \| sed -n -e 's/^.*[ 	]\([ABCDGIRSTW][ABCDGIRSTW]*\)[ 	][ 	]*\([_A-Za-z][_A-Za-z0-9]*\)$/\1 \2 \2/p' \> conftest.nm
configure:5710: $? = 0
configure:5762: gcc -o conftest -O2 -fvisibility=hidden -Wparentheses -flto -DZEPHIR_RELEASE=1   conftest.c conftstm.o >&5
conftest.c:6:12: error: function 'nm_test_func' redeclared as variable
 extern int nm_test_func;
            ^
conftest.c:5:6: note: previously declared here
 extern int nm_test_var;
      ^
conftest.c:5:12: warning: type of 'nm_test_var' does not match original declaration [-Wlto-type-mismatch]
 extern int nm_test_var;
            ^
conftest.c:4:6: note: type 'char' should match type 'int'
 
      ^
conftest.c:4:6: note: 'nm_test_var' was previously declared here
lto1: fatal error: errors during merging of translation units
compilation terminated.
lto-wrapper: fatal error: gcc returned 1 exit status
compilation terminated.
/usr/bin/ld: error: lto-wrapper failed
collect2: error: ld returned 1 exit status
configure:5765: $? = 1
configure:5700: gcc -c -O2 -fvisibility=hidden -Wparentheses -flto -DZEPHIR_RELEASE=1  conftest.c >&5
configure:5703: $? = 0
configure:5707: /usr/bin/nm -B conftest.o \| sed -n -e 's/^.*[ 	]\([ABCDGIRSTW][ABCDGIRSTW]*\)[ 	][ 	]*_\([_A-Za-z][_A-Za-z0-9]*\)$/\1 _\2 \2/p' \> conftest.nm
configure:5710: $? = 0
cannot run sed -n -e 's/^.*[ 	]\([ABCDGIRSTW][ABCDGIRSTW]*\)[ 	][ 	]*_\([_A-Za-z][_A-Za-z0-9]*\)$/\1 _\2 \2/p'
configure:5800: result: failed
configure:5807: checking for objdir
configure:5822: result: .libs
configure:5914: checking for ar
configure:5930: found /usr/bin/ar
configure:5941: result: ar
configure:6006: checking for ranlib
configure:6022: found /usr/bin/ranlib
configure:6033: result: ranlib
configure:6098: checking for strip
configure:6114: found /usr/bin/strip
configure:6125: result: strip
configure:6694: checking if gcc supports -fno-rtti -fno-exceptions
configure:6712: gcc -c -O2 -fvisibility=hidden -Wparentheses -flto -DZEPHIR_RELEASE=1  -fno-rtti -fno-exceptions conftest.c >&5
cc1: warning: command line option '-fno-rtti' is valid for C++/ObjC++ but not for C
configure:6716: $? = 0
configure:6729: result: no
configure:6744: checking for gcc option to produce PIC
configure:6984: result: -fPIC
configure:6992: checking if gcc PIC flag -fPIC works
configure:7010: gcc -c -O2 -fvisibility=hidden -Wparentheses -flto -DZEPHIR_RELEASE=1  -fPIC -DPIC conftest.c >&5
configure:7014: $? = 0
configure:7027: result: yes
configure:7055: checking if gcc static flag -static works
configure:7083: result: yes
configure:7093: checking if gcc supports -c -o file.o
configure:7114: gcc -c -O2 -fvisibility=hidden -Wparentheses -flto -DZEPHIR_RELEASE=1  -o out/conftest2.o conftest.c >&5
configure:7118: $? = 0
configure:7140: result: yes
configure:7166: checking whether the gcc linker (/usr/bin/ld -m elf_x86_64) supports shared libraries
configure:8094: result: yes
configure:8115: checking whether -lc should be explicitly linked in
configure:8120: gcc -c -O2 -fvisibility=hidden -Wparentheses -flto -DZEPHIR_RELEASE=1  conftest.c >&5
configure:8123: $? = 0
configure:8138: gcc -shared conftest.o  -v -Wl,-soname -Wl,conftest -o conftest 2\>\&1 \| grep  -lc  \>/dev/null 2\>\&1
configure:8141: $? = 0
configure:8153: result: no
configure:8161: checking dynamic linker characteristics
configure:8759: result: GNU/Linux ld.so
configure:8783: checking how to hardcode library paths into programs
configure:8808: result: immediate
configure:8822: checking whether stripping libraries is possible
configure:8827: result: yes
configure:9344: checking if libtool supports shared libraries
configure:9346: result: yes
configure:9349: checking whether to build shared libraries
configure:9370: result: yes
configure:9373: checking whether to build static libraries
configure:9377: result: no
configure:9472: result:
creating libtool
configure:13170: creating ./config.status

## ---------------------- ##
## Running config.status. ##
## ---------------------- ##

This file was extended by config.status, which was
generated by GNU Autoconf 2.69.  Invocation command line was

  CONFIG_FILES    = 
  CONFIG_HEADERS  = 
  CONFIG_LINKS    = 
  CONFIG_COMMANDS = 
  $ ./config.status 

on ubuntu-xenial

config.status:681: creating config.h

## ---------------- ##
## Cache variables. ##
## ---------------- ##

ac_cv_build=x86_64-unknown-linux-gnu
ac_cv_c_compiler_gnu=yes
ac_cv_env_CC_set=set
ac_cv_env_CC_value=gcc
ac_cv_env_CFLAGS_set=set
ac_cv_env_CFLAGS_value='-O2 -fvisibility=hidden -Wparentheses -flto -DZEPHIR_RELEASE=1'
ac_cv_env_CPPFLAGS_set=
ac_cv_env_CPPFLAGS_value=
ac_cv_env_CPP_set=
ac_cv_env_CPP_value=
ac_cv_env_LDFLAGS_set=
ac_cv_env_LDFLAGS_value=
ac_cv_env_LIBS_set=
ac_cv_env_LIBS_value=
ac_cv_env_build_alias_set=
ac_cv_env_build_alias_value=
ac_cv_env_host_alias_set=
ac_cv_env_host_alias_value=
ac_cv_env_target_alias_set=
ac_cv_env_target_alias_value=
ac_cv_have_decl_HAVE_BUNDLED_PCRE=yes
ac_cv_have_decl_HAVE_JSON=yes
ac_cv_header_dlfcn_h=yes
ac_cv_header_ext_json_php_json_h=yes
ac_cv_header_ext_pcre_php_pcre_h=yes
ac_cv_header_inttypes_h=yes
ac_cv_header_memory_h=yes
ac_cv_header_stdc=yes
ac_cv_header_stdint_h=yes
ac_cv_header_stdlib_h=yes
ac_cv_header_string_h=yes
ac_cv_header_strings_h=yes
ac_cv_header_sys_stat_h=yes
ac_cv_header_sys_types_h=yes
ac_cv_header_unistd_h=yes
ac_cv_host=x86_64-unknown-linux-gnu
ac_cv_objext=o
ac_cv_path_EGREP='/bin/grep -E'
ac_cv_path_GREP=/bin/grep
ac_cv_prog_AWK=gawk
ac_cv_prog_CPP='gcc -E'
ac_cv_prog_RE2C=re2c
ac_cv_prog_ac_ct_AR=ar
ac_cv_prog_ac_ct_RANLIB=ranlib
ac_cv_prog_ac_ct_STRIP=strip
ac_cv_prog_cc_c89=
ac_cv_prog_cc_g=yes
ac_cv_prog_cc_gcc_c_o=yes
ac_cv_target=x86_64-unknown-linux-gnu
lt_cv_deplibs_check_method=pass_all
lt_cv_file_magic_cmd='$MAGIC_CMD'
lt_cv_file_magic_test_file=
lt_cv_ld_reload_flag=-r
lt_cv_objdir=.libs
lt_cv_path_LD=/usr/bin/ld
lt_cv_path_NM='/usr/bin/nm -B'
lt_cv_path_SED=/bin/sed
lt_cv_prog_compiler_c_o=yes
lt_cv_prog_compiler_pic_works=yes
lt_cv_prog_compiler_rtti_exceptions=no
lt_cv_prog_compiler_static_works=yes
lt_cv_prog_gnu_ld=yes
lt_cv_sys_global_symbol_pipe=
lt_cv_sys_global_symbol_to_c_name_address='sed -n -e '\''s/^: \([^ ]*\) $/  {\"\1\", (lt_ptr) 0},/p'\'' -e '\''s/^[BCDEGRST] \([^ ]*\) \([^ ]*\)$/  {"\2", (lt_ptr) \&\2},/p'\'''
lt_cv_sys_global_symbol_to_cdecl=
lt_cv_sys_lib_dlsearch_path_spec='/lib /usr/lib /usr/lib/x86_64-linux-gnu/libfakeroot /usr/local/lib /usr/local/lib/x86_64-linux-gnu /lib/x86_64-linux-gnu /usr/lib/x86_64-linux-gnu /usr/local/mysql/lib '
lt_cv_sys_lib_search_path_spec='/usr/lib/gcc/x86_64-linux-gnu/7 /usr/lib/x86_64-linux-gnu /usr/lib /lib/x86_64-linux-gnu /lib'
lt_cv_sys_max_cmd_len=1572864
lt_lt_cv_prog_compiler_c_o='"yes"'
lt_lt_cv_sys_global_symbol_pipe='""'
lt_lt_cv_sys_global_symbol_to_c_name_address='"sed -n -e '\''s/^: \\([^ ]*\\) \$/  {\\\"\\1\\\", (lt_ptr) 0},/p'\'' -e '\''s/^[BCDEGRST] \\([^ ]*\\) \\([^ ]*\\)\$/  {\"\\2\", (lt_ptr) \\&\\2},/p'\''"'
lt_lt_cv_sys_global_symbol_to_cdecl='""'
php_cv_cc_dashr=no
php_cv_cc_rpath=yes
php_cv_re2c_version='2.0.3 (ok)'

## ----------------- ##
## Output variables. ##
## ----------------- ##

AR='ar'
AWK='gawk'
CC='gcc'
CFLAGS='-O2 -fvisibility=hidden -Wparentheses -flto -DZEPHIR_RELEASE=1'
CONFIGURE_COMMAND=' '\''./configure'\''  '\''--enable-ztime'\'''
CONFIGURE_OPTIONS=' '\''--enable-ztime'\'''
CPP='gcc -E'
CPPFLAGS=' -DHAVE_CONFIG_H'
DEFS='-DHAVE_CONFIG_H'
DSYMUTIL=''
ECHO='echo'
ECHO_C=''
ECHO_N='-n'
ECHO_T=''
EGREP='/bin/grep -E'
EXEEXT=''
GREP='/bin/grep'
LDFLAGS=''
LIBOBJS=''
LIBS=''
LIBTOOL='$(SHELL) $(top_builddir)/libtool'
LN_S='ln -s'
LTLIBOBJS=''
NMEDIT=''
OBJEXT='o'
PACKAGE_BUGREPORT=''
PACKAGE_NAME=''
PACKAGE_STRING=''
PACKAGE_TARNAME=''
PACKAGE_URL=''
PACKAGE_VERSION=''
PATH_SEPARATOR=':'
RANLIB='ranlib'
RE2C='re2c'
SED='/bin/sed'
SHELL='/bin/bash'
SHLIB_DL_SUFFIX_NAME='so'
SHLIB_SUFFIX_NAME='so'
STRIP='strip'
ac_ct_CC=''
bindir='${exec_prefix}/bin'
build='x86_64-unknown-linux-gnu'
build_alias=''
build_cpu='x86_64'
build_os='linux-gnu'
build_vendor='unknown'
datadir='${datarootdir}'
datarootdir='${prefix}/share'
docdir='${datarootdir}/doc/${PACKAGE}'
dvidir='${docdir}'
exec_prefix='$(prefix)'
host='x86_64-unknown-linux-gnu'
host_alias='x86_64-unknown-linux-gnu'
host_cpu='x86_64'
host_os='linux-gnu'
host_vendor='unknown'
htmldir='${docdir}'
includedir='${prefix}/include'
infodir='${datarootdir}/info'
libdir='${exec_prefix}/lib'
libexecdir='${exec_prefix}/libexec'
localedir='${datarootdir}/locale'
localstatedir='${prefix}/var'
mandir='${datarootdir}/man'
oldincludedir='/usr/include'
pdfdir='${docdir}'
prefix='/usr/local/php'
program_transform_name='s,x,x,'
psdir='${docdir}'
runstatedir='${localstatedir}/run'
sbindir='${exec_prefix}/sbin'
sharedstatedir='${prefix}/com'
sysconfdir='${prefix}/etc'
target='x86_64-unknown-linux-gnu'
target_alias=''
target_cpu='x86_64'
target_os='linux-gnu'
target_vendor='unknown'

## ----------- ##
## confdefs.h. ##
## ----------- ##

/* confdefs.h */
#define PACKAGE_NAME ""
#define PACKAGE_TARNAME ""
#define PACKAGE_VERSION ""
#define PACKAGE_STRING ""
#define PACKAGE_BUGREPORT ""
#define PACKAGE_URL ""
#define HAVE_ZTIME 1
#define COMPILE_DL_ZTIME 1
#define HAVE_EXT_PCRE_PHP_PCRE_H 1
#define ZEPHIR_USE_PHP_PCRE 1
#define HAVE_EXT_JSON_PHP_JSON_H 1
#define ZEPHIR_USE_PHP_JSON 1
#define STDC_HEADERS 1
#define HAVE_SYS_TYPES_H 1
#define HAVE_SYS_STAT_H 1
#define HAVE_STDLIB_H 1
#define HAVE_STRING_H 1
#define HAVE_MEMORY_H 1
#define HAVE_STRINGS_H 1
#define HAVE_INTTYPES_H 1
#define HAVE_STDINT_H 1
#define HAVE_UNISTD_H 1
#define HAVE_DLFCN_H 1

configure: exit 0
